fetching git input 'git+file:///etc/nixos'
these 17 derivations will be built:
  /nix/store/wd52zlrij20b8m22va1hj0b970cc83cf-steamvr.drv
  /nix/store/bwlmi2yakpf24rg6bpn2vxvzzdc0nsxh-system-path.drv
  /nix/store/0fkx6i2dh284jnrv368xxaqrld4jgs6f-X-Restart-Triggers-polkit.drv
  /nix/store/q3sq7mz7lsa0xaakzcv7fhxb7d4lx3fv-dbus-1.drv
  /nix/store/rh1wd9nr20jfs7airm9w9y087jcrhv17-X-Restart-Triggers-dbus-broker.drv
  /nix/store/26nrnaqh5y4fx7qbp2kjl00jr03zb4z2-unit-dbus-broker.service.drv
  /nix/store/345fj2whfj57j6kclg5vab3z7sq13hca-hwdb.bin.drv
  /nix/store/cia00py5haiw8wxyjf33mw8jjvrq1x8v-udev-rules.drv
  /nix/store/dwnffpv4h27kfl1ikgdaskac7l8xmsjs-X-Restart-Triggers-systemd-udevd.drv
  /nix/store/4gg578xipa8rjr15yy7z0kra0q3ldi3i-unit-systemd-udevd.service.drv
  /nix/store/i5ga9x33c0xl7f1karpv2dxyjk5q4zk9-unit-dbus-broker.service.drv
  /nix/store/bwv3znsw114hlf1hrs2qalrwsbpc2a89-user-units.drv
  /nix/store/g61i9j35mf9wfxvfwapfsbm04y2szr1g-unit-polkit.service.drv
  /nix/store/ylp7l3xmy57wbpq5643bd90s8vg7kwci-unit-accounts-daemon.service.drv
  /nix/store/ynk97gjs0i7yrix5kvskxrwbyfbaqc8b-system-units.drv
  /nix/store/gssmq0s38s4qi7c3iyvw0w2san5lcahl-etc.drv
  /nix/store/l78zfl49lwldnc89p6rhsl8xwffgqlw8-nixos-system-telfir-25.11.20251009.0b4defa.drv
building '/nix/store/345fj2whfj57j6kclg5vab3z7sq13hca-hwdb.bin.drv'...
building '/nix/store/cia00py5haiw8wxyjf33mw8jjvrq1x8v-udev-rules.drv'...
hwdb.bin> Adding hwdb files for package /nix/store/cwyd97h7wf5sprgvpg44j6rjws1bbjkm-systemd-257.9
building '/nix/store/wd52zlrij20b8m22va1hj0b970cc83cf-steamvr.drv'...
udev-rules> Adding rules for package /nix/store/gl8lm0q9rdl1kay9d8z80db3q34filjm-android-udev-rules-20250525
udev-rules> Copying /nix/store/gl8lm0q9rdl1kay9d8z80db3q34filjm-android-udev-rules-20250525/lib/udev/rules.d/51-android.rules to /nix/store/d3kpsi10k2xxfc70lyr0gqadc7p2dhva-udev-rules/51-android.rules
udev-rules> Adding rules for package /nix/store/38dsyk5b8rx8a4940hkkidymr4b5jsjg-lvm2-2.03.35
udev-rules> Copying /nix/store/38dsyk5b8rx8a4940hkkidymr4b5jsjg-lvm2-2.03.35/lib/udev/rules.d/10-dm.rules to /nix/store/d3kpsi10k2xxfc70lyr0gqadc7p2dhva-udev-rules/10-dm.rules
udev-rules> Copying /nix/store/38dsyk5b8rx8a4940hkkidymr4b5jsjg-lvm2-2.03.35/lib/udev/rules.d/11-dm-lvm.rules to /nix/store/d3kpsi10k2xxfc70lyr0gqadc7p2dhva-udev-rules/11-dm-lvm.rules
udev-rules> Copying /nix/store/38dsyk5b8rx8a4940hkkidymr4b5jsjg-lvm2-2.03.35/lib/udev/rules.d/13-dm-disk.rules to /nix/store/d3kpsi10k2xxfc70lyr0gqadc7p2dhva-udev-rules/13-dm-disk.rules
hwdb.bin> Adding hwdb files for package /nix/store/gl8lm0q9rdl1kay9d8z80db3q34filjm-android-udev-rules-20250525
hwdb.bin> Adding hwdb files for package /nix/store/38dsyk5b8rx8a4940hkkidymr4b5jsjg-lvm2-2.03.35
hwdb.bin> Adding hwdb files for package /nix/store/p56gsbqmflzf1s65k0lc6iryhvzj5qpm-bcache-tools-1.1
hwdb.bin> Adding hwdb files for package /nix/store/2irjndkclls2f3j6d35ji3i4mjgshmif-phodav-3.0
hwdb.bin> Adding hwdb files for package /nix/store/2vc5yiamjrkxmq656s4inab08lvq0zxr-upower-1.90.6
udev-rules> Copying /nix/store/38dsyk5b8rx8a4940hkkidymr4b5jsjg-lvm2-2.03.35/lib/udev/rules.d/69-dm-lvm.rules to /nix/store/d3kpsi10k2xxfc70lyr0gqadc7p2dhva-udev-rules/69-dm-lvm.rules
hwdb.bin> Adding hwdb files for package /nix/store/9pwyamx9xavf4v1wgk8m3nn1qjlzign7-udisks-2.10.2
hwdb.bin> Adding hwdb files for package /nix/store/y3sdjlhnr82n8ndsvs8b92j01pyy76gb-extra-udev-rules
hwdb.bin> Adding hwdb files for package /nix/store/sfv5arh4h5hsxbi0pim01pijvpqbwc8j-extra-hwdb-file
udev-rules> Copying /nix/store/38dsyk5b8rx8a4940hkkidymr4b5jsjg-lvm2-2.03.35/lib/udev/rules.d/95-dm-notify.rules to /nix/store/d3kpsi10k2xxfc70lyr0gqadc7p2dhva-udev-rules/95-dm-notify.rules
hwdb.bin> Adding hwdb files for package /nix/store/c966spzdmsmqacphgp7wscs9ikg1fcd6-libinput-1.29.1
hwdb.bin> Adding hwdb files for package /nix/store/la2dv6siqxm0v00pg83z71dxhlg6m0pa-fwupd-2.0.16
hwdb.bin> Adding hwdb files for package /nix/store/0lxvvkdm8j6ry2fx5hynwh9bszmcgg3s-bluez-5.83
hwdb.bin> Adding hwdb files for package /nix/store/plx9hmh9gbd8s7nbiaijz49501br2vvf-pipewire-1.4.8
hwdb.bin> Adding hwdb files for package /nix/store/sy0wq12kij88sz9qsaq59zsrd2gy227y-libmtp-1.1.22
udev-rules> Adding rules for package /nix/store/p56gsbqmflzf1s65k0lc6iryhvzj5qpm-bcache-tools-1.1
udev-rules> Copying /nix/store/p56gsbqmflzf1s65k0lc6iryhvzj5qpm-bcache-tools-1.1/lib/udev/rules.d/69-bcache.rules to /nix/store/d3kpsi10k2xxfc70lyr0gqadc7p2dhva-udev-rules/69-bcache.rules
hwdb.bin> Adding hwdb files for package /nix/store/g3n664znnrmsg5b9k103ksr1lfj7n88k-usb-modeswitch-data-20191128
hwdb.bin> Adding hwdb files for package /nix/store/0dqm4yrdn0a239axkyvlkjm1ky6xf2zl-steam-devices-udev-rules-1.0.0.61-unstable-2025-09-26
hwdb.bin> Adding hwdb files for package /nix/store/l0r0acgw9j6hq2gv7qa6jiyc4hzhlb21-i2c-udev-rules
hwdb.bin> Adding hwdb files for package /nix/store/skc7gg8sysgfiyzjvq4l733fdn9fqxfl-xr-hardware-1.1.1
hwdb.bin> Adding hwdb files for package /nix/store/vi4gaa09bfnbh2ij73smwmilsczwglcr-monado-25.0.0
hwdb.bin> Generating hwdb database...
udev-rules> Adding rules for package /nix/store/2irjndkclls2f3j6d35ji3i4mjgshmif-phodav-3.0
udev-rules> Copying /nix/store/2irjndkclls2f3j6d35ji3i4mjgshmif-phodav-3.0/lib/udev/rules.d/70-spice-webdavd.rules to /nix/store/d3kpsi10k2xxfc70lyr0gqadc7p2dhva-udev-rules/70-spice-webdavd.rules
udev-rules> Adding rules for package /nix/store/2vc5yiamjrkxmq656s4inab08lvq0zxr-upower-1.90.6
udev-rules> Copying /nix/store/2vc5yiamjrkxmq656s4inab08lvq0zxr-upower-1.90.6/lib/udev/rules.d/60-upower-battery.rules to /nix/store/d3kpsi10k2xxfc70lyr0gqadc7p2dhva-udev-rules/60-upower-battery.rules
udev-rules> Copying /nix/store/2vc5yiamjrkxmq656s4inab08lvq0zxr-upower-1.90.6/lib/udev/rules.d/95-upower-hid.rules to /nix/store/d3kpsi10k2xxfc70lyr0gqadc7p2dhva-udev-rules/95-upower-hid.rules
udev-rules> Copying /nix/store/2vc5yiamjrkxmq656s4inab08lvq0zxr-upower-1.90.6/lib/udev/rules.d/95-upower-wup.rules to /nix/store/d3kpsi10k2xxfc70lyr0gqadc7p2dhva-udev-rules/95-upower-wup.rules
udev-rules> Adding rules for package /nix/store/9pwyamx9xavf4v1wgk8m3nn1qjlzign7-udisks-2.10.2
udev-rules> Copying /nix/store/9pwyamx9xavf4v1wgk8m3nn1qjlzign7-udisks-2.10.2/lib/udev/rules.d/80-udisks2.rules to /nix/store/d3kpsi10k2xxfc70lyr0gqadc7p2dhva-udev-rules/80-udisks2.rules
udev-rules> Adding rules for package /nix/store/y3sdjlhnr82n8ndsvs8b92j01pyy76gb-extra-udev-rules
udev-rules> Copying /nix/store/y3sdjlhnr82n8ndsvs8b92j01pyy76gb-extra-udev-rules/etc/udev/rules.d/99-local.rules to /nix/store/d3kpsi10k2xxfc70lyr0gqadc7p2dhva-udev-rules/99-local.rules
udev-rules> Adding rules for package /nix/store/sfv5arh4h5hsxbi0pim01pijvpqbwc8j-extra-hwdb-file
udev-rules> Adding rules for package /nix/store/c966spzdmsmqacphgp7wscs9ikg1fcd6-libinput-1.29.1
udev-rules> Copying /nix/store/c966spzdmsmqacphgp7wscs9ikg1fcd6-libinput-1.29.1/lib/udev/rules.d/80-libinput-device-groups.rules to /nix/store/d3kpsi10k2xxfc70lyr0gqadc7p2dhva-udev-rules/80-libinput-device-groups.rules
udev-rules> Copying /nix/store/c966spzdmsmqacphgp7wscs9ikg1fcd6-libinput-1.29.1/lib/udev/rules.d/90-libinput-fuzz-override.rules to /nix/store/d3kpsi10k2xxfc70lyr0gqadc7p2dhva-udev-rules/90-libinput-fuzz-override.rules
udev-rules> Adding rules for package /nix/store/la2dv6siqxm0v00pg83z71dxhlg6m0pa-fwupd-2.0.16
udev-rules> Adding rules for package /nix/store/0lxvvkdm8j6ry2fx5hynwh9bszmcgg3s-bluez-5.83
udev-rules> Copying /nix/store/0lxvvkdm8j6ry2fx5hynwh9bszmcgg3s-bluez-5.83/lib/udev/rules.d/97-hid2hci.rules to /nix/store/d3kpsi10k2xxfc70lyr0gqadc7p2dhva-udev-rules/97-hid2hci.rules
udev-rules> Adding rules for package /nix/store/plx9hmh9gbd8s7nbiaijz49501br2vvf-pipewire-1.4.8
udev-rules> Copying /nix/store/plx9hmh9gbd8s7nbiaijz49501br2vvf-pipewire-1.4.8/lib/udev/rules.d/90-pipewire-alsa.rules to /nix/store/d3kpsi10k2xxfc70lyr0gqadc7p2dhva-udev-rules/90-pipewire-alsa.rules
udev-rules> Adding rules for package /nix/store/sy0wq12kij88sz9qsaq59zsrd2gy227y-libmtp-1.1.22
udev-rules> Copying /nix/store/sy0wq12kij88sz9qsaq59zsrd2gy227y-libmtp-1.1.22/lib/udev/rules.d/69-libmtp.rules to /nix/store/d3kpsi10k2xxfc70lyr0gqadc7p2dhva-udev-rules/69-libmtp.rules
udev-rules> Adding rules for package /nix/store/g3n664znnrmsg5b9k103ksr1lfj7n88k-usb-modeswitch-data-20191128
udev-rules> Copying /nix/store/g3n664znnrmsg5b9k103ksr1lfj7n88k-usb-modeswitch-data-20191128/lib/udev/rules.d/40-usb_modeswitch.rules to /nix/store/d3kpsi10k2xxfc70lyr0gqadc7p2dhva-udev-rules/40-usb_modeswitch.rules
udev-rules> Adding rules for package /nix/store/0dqm4yrdn0a239axkyvlkjm1ky6xf2zl-steam-devices-udev-rules-1.0.0.61-unstable-2025-09-26
udev-rules> Copying /nix/store/0dqm4yrdn0a239axkyvlkjm1ky6xf2zl-steam-devices-udev-rules-1.0.0.61-unstable-2025-09-26/lib/udev/rules.d/60-steam-input.rules to /nix/store/d3kpsi10k2xxfc70lyr0gqadc7p2dhva-udev-rules/60-steam-input.rules
udev-rules> Copying /nix/store/0dqm4yrdn0a239axkyvlkjm1ky6xf2zl-steam-devices-udev-rules-1.0.0.61-unstable-2025-09-26/lib/udev/rules.d/60-steam-vr.rules to /nix/store/d3kpsi10k2xxfc70lyr0gqadc7p2dhva-udev-rules/60-steam-vr.rules
udev-rules> Adding rules for package /nix/store/l0r0acgw9j6hq2gv7qa6jiyc4hzhlb21-i2c-udev-rules
udev-rules> Copying /nix/store/l0r0acgw9j6hq2gv7qa6jiyc4hzhlb21-i2c-udev-rules/etc/udev/rules.d/70-i2c.rules to /nix/store/d3kpsi10k2xxfc70lyr0gqadc7p2dhva-udev-rules/70-i2c.rules
steamvr> In /nix/store/984b883bgjgny7jn3hilbj3qh1vmjj2r-steamvr/bin/steamvr line 15:
steamvr> for i in $(seq 1 60); do
steamvr> ^-^ SC2034 (warning): i appears unused. Verify use (or export if used externally).
steamvr> For more information:
steamvr>   https://www.shellcheck.net/wiki/SC2034 -- i appears unused. Verify use (or ...
udev-rules> Adding rules for package /nix/store/skc7gg8sysgfiyzjvq4l733fdn9fqxfl-xr-hardware-1.1.1
error: builder for '/nix/store/wd52zlrij20b8m22va1hj0b970cc83cf-steamvr.drv' failed with exit code 1;
       last 7 log lines:
       >
       > In /nix/store/984b883bgjgny7jn3hilbj3qh1vmjj2r-steamvr/bin/steamvr line 15:
       > for i in $(seq 1 60); do
       > ^-^ SC2034 (warning): i appears unused. Verify use (or export if used externally).
       >
       > For more information:
       >   https://www.shellcheck.net/wiki/SC2034 -- i appears unused. Verify use (or ...
       For full logs, run 'nix log /nix/store/wd52zlrij20b8m22va1hj0b970cc83cf-steamvr.drv'.
error: 1 dependencies of derivation '/nix/store/bwlmi2yakpf24rg6bpn2vxvzzdc0nsxh-system-path.drv' failed to build
error: 1 dependencies of derivation '/nix/store/gssmq0s38s4qi7c3iyvw0w2san5lcahl-etc.drv' failed to build
error: 1 dependencies of derivation '/nix/store/q3sq7mz7lsa0xaakzcv7fhxb7d4lx3fv-dbus-1.drv' failed to build
error: 1 dependencies of derivation '/nix/store/ylp7l3xmy57wbpq5643bd90s8vg7kwci-unit-accounts-daemon.service.drv' failed to build
error: 1 dependencies of derivation '/nix/store/0fkx6i2dh284jnrv368xxaqrld4jgs6f-X-Restart-Triggers-polkit.drv' failed to build
error: 1 dependencies of derivation '/nix/store/l78zfl49lwldnc89p6rhsl8xwffgqlw8-nixos-system-telfir-25.11.20251009.0b4defa.drv' failed to build
